\BOOKMARK [1][-]{section.1}{Introduction}{}% 1
\BOOKMARK [2][-]{subsection.1.1}{Sparse Regularization}{section.1}% 2
\BOOKMARK [2][-]{subsection.1.2}{Lasso}{section.1}% 3
\BOOKMARK [2][-]{subsection.1.3}{Motivating Example}{section.1}% 4
\BOOKMARK [2][-]{subsection.1.4}{Previous Works}{section.1}% 5
\BOOKMARK [2][-]{subsection.1.5}{Contributions}{section.1}% 6
\BOOKMARK [2][-]{subsection.1.6}{Notations and preliminaries}{section.1}% 7
\BOOKMARK [1][-]{section.2}{Abstract analysis of the Lasso}{}% 8
\BOOKMARK [2][-]{subsection.2.1}{Notations and optimality conditions}{section.2}% 9
\BOOKMARK [2][-]{subsection.2.2}{Extended support of the Lasso}{section.2}% 10
\BOOKMARK [1][-]{section.3}{Lasso on Thin Grids}{}% 11
\BOOKMARK [2][-]{subsection.3.1}{Notations and Preliminaries}{section.3}% 12
\BOOKMARK [2][-]{subsection.3.2}{The Limit Problem: the Beurling Lasso}{section.3}% 13
\BOOKMARK [2][-]{subsection.3.3}{The Lasso on Thin Grids for Fixed >0}{section.3}% 14
\BOOKMARK [2][-]{subsection.3.4}{Convergence of the Extended Support}{section.3}% 15
\BOOKMARK [2][-]{subsection.3.5}{Asymptotics of the Constants}{section.3}% 16
\BOOKMARK [1][-]{section.4}{Numerical illustrations on Compressed sensing}{}% 17
\BOOKMARK [1][-]{appendix.A}{Useful properties of the integral transform}{}% 18
\BOOKMARK [1][-]{appendix.B}{Asymptotic expansion of the inverse of a Gram matrix}{}% 19
\BOOKMARK [1][-]{appendix.C}{Proofs for Section 2}{}% 20
\BOOKMARK [2][-]{subsection.C.1}{Characterization of 0}{appendix.C}% 21
\BOOKMARK [2][-]{subsection.C.2}{Proof of Theorem 1}{appendix.C}% 22
\BOOKMARK [1][-]{appendix.D}{Proofs for Section 3}{}% 23
\BOOKMARK [2][-]{subsection.D.1}{Proof of Proposition 4}{appendix.D}% 24
\BOOKMARK [2][-]{subsection.D.2}{Proof of Theorem 2}{appendix.D}% 25
\BOOKMARK [2][-]{subsection.D.3}{Proof of Proposition 7}{appendix.D}% 26
