This is pdfTeX, Version 3.1415926-2.4-1.40.13 (TeX Live 2012) (format=pdflatex 2012.6.30)  7 JUL 2016 18:23
entering extended mode
 \write18 enabled.
 file:line:error style messages enabled.
 %&-line parsing enabled.
**Asymptotic-Lasso.tex
(./Asymptotic-Lasso.tex
LaTeX2e <2011/06/27>
Babel <v3.8m> and hyphenation patterns for english, dumylang, nohyphenation, ge
rman-x-2012-05-30, ngerman-x-2012-05-30, afrikaans, ancientgreek, ibycus, arabi
c, armenian, basque, bulgarian, catalan, pinyin, coptic, croatian, czech, danis
h, dutch, ukenglish, usenglishmax, esperanto, estonian, ethiopic, farsi, finnis
h, french, friulan, galician, german, ngerman, swissgerman, monogreek, greek, h
ungarian, icelandic, assamese, bengali, gujarati, hindi, kannada, malayalam, ma
rathi, oriya, panjabi, tamil, telugu, indonesian, interlingua, irish, italian, 
kurmanji, latin, latvian, lithuanian, mongolian, mongolianlmc, bokmal, nynorsk,
 polish, portuguese, romanian, romansh, russian, sanskrit, serbian, serbianc, s
lovak, slovenian, spanish, swedish, turkish, turkmen, ukrainian, uppersorbian, 
welsh, loaded.
(./iopart.cls
Document Class: iopart 1996/06/10 v0.0 IOP Journals LaTeX article class
(./iopart12.clo
File: iopart12.clo 1997/01/15 v1.0 LaTeX2e file (size option)
)
\c@jnl=\count79
\c@section=\count80
\c@subsection=\count81
\c@subsubsection=\count82
\c@paragraph=\count83
\c@subparagraph=\count84
\c@figure=\count85
\c@table=\count86
\abovecaptionskip=\skip41
\belowcaptionskip=\skip42
\indentedwidth=\skip43
\mathindent=\dimen102
\c@eqnval=\count87
)
(/usr/local/texlive/2012/texmf-dist/tex/latex/biblatex/biblatex.sty
Package: biblatex 2011/11/13 v1.7 programmable bibliographies

(/usr/local/texlive/2012/texmf-dist/tex/latex/etoolbox/etoolbox.sty
Package: etoolbox 2011/01/03 v2.1 e-TeX tools for LaTeX

(/usr/local/texlive/2012/texmf-dist/tex/latex/etex-pkg/etex.sty
Package: etex 1998/03/26 v2.0 eTeX basic definition package (PEB)
\et@xins=\count88
)
\etb@tempcnta=\count89
)
(/usr/local/texlive/2012/texmf-dist/tex/latex/graphics/keyval.sty
Package: keyval 1999/03/16 v1.13 key=value parser (DPC)
\KV@toks@=\toks14
)
(/usr/local/texlive/2012/texmf-dist/tex/latex/logreq/logreq.sty
Package: logreq 2010/08/04 v1.0 xml request logger
\lrq@indent=\count90

(/usr/local/texlive/2012/texmf-dist/tex/latex/logreq/logreq.def
File: logreq.def 2010/08/04 v1.0 logreq spec v1.0
))
(/usr/local/texlive/2012/texmf-dist/tex/latex/base/ifthen.sty
Package: ifthen 2001/05/26 v1.1c Standard LaTeX ifthen package (DPC)
)
(/usr/local/texlive/2012/texmf-dist/tex/latex/url/url.sty
\Urlmuskip=\muskip10
Package: url 2006/04/12  ver 3.3  Verb mode for urls, etc.
)
\c@listtotal=\count91
\c@listcount=\count92
\c@liststart=\count93
\c@liststop=\count94
\c@citecount=\count95
\c@citetotal=\count96
\c@multicitecount=\count97
\c@multicitetotal=\count98
\c@instcount=\count99
\c@maxnames=\count100
\c@minnames=\count101
\c@maxitems=\count102
\c@minitems=\count103
\c@citecounter=\count104
\c@savedcitecounter=\count105
\c@uniquelist=\count106
\c@uniquename=\count107
\c@refsection=\count108
\c@refsegment=\count109
\c@maxextrayear=\count110
\c@maxextraalpha=\count111
\c@abbrvpenalty=\count112
\c@highnamepenalty=\count113
\c@lownamepenalty=\count114
\c@maxparens=\count115
\c@parenlevel=\count116
\blx@tempcnta=\count117
\blx@tempcntb=\count118
\blx@tempcntc=\count119
\blx@maxsection=\count120
\blx@maxsegment=\count121
\blx@notetype=\count122
\blx@parenlevel@text=\count123
\blx@parenlevel@foot=\count124
\labelnumberwidth=\skip44
\labelalphawidth=\skip45
\shorthandwidth=\skip46
\biblabelsep=\skip47
\bibitemsep=\skip48
\bibnamesep=\skip49
\bibinitsep=\skip50
\bibparsep=\skip51
\bibhang=\skip52
\blx@auxin=\read1
\blx@auxout=\write3
\c@mincomprange=\count125
\c@maxcomprange=\count126
\c@mincompwidth=\count127
\c@labelname=\count128
\c@savedlabelname=\count129
\c@author=\count130
\c@savedauthor=\count131
\c@shortauthor=\count132
\c@savedshortauthor=\count133
\c@editor=\count134
\c@savededitor=\count135
\c@editora=\count136
\c@savededitora=\count137
\c@editorb=\count138
\c@savededitorb=\count139
\c@editorc=\count140
\c@savededitorc=\count141
\c@shorteditor=\count142
\c@savedshorteditor=\count143
\c@bookauthor=\count144
\c@savedbookauthor=\count145
\c@translator=\count146
\c@savedtranslator=\count147
\c@annotator=\count148
\c@savedannotator=\count149
\c@commentator=\count150
\c@savedcommentator=\count151
\c@introduction=\count152
\c@savedintroduction=\count153
\c@foreword=\count154
\c@savedforeword=\count155
\c@afterword=\count156
\c@savedafterword=\count157
\c@holder=\count158
\c@savedholder=\count159
\c@namea=\count160
\c@savednamea=\count161
\c@nameb=\count162
\c@savednameb=\count163
\c@namec=\count164
\c@savednamec=\count165
\c@institution=\count166
\c@savedinstitution=\count167
\c@language=\count168
\c@savedlanguage=\count169
\c@location=\count170
\c@savedlocation=\count171
\c@organization=\count172
\c@savedorganization=\count173
\c@origlocation=\count174
\c@savedoriglocation=\count175
\c@origpublisher=\count176
\c@savedorigpublisher=\count177
\c@pageref=\count178
\c@savedpageref=\count179
\c@publisher=\count180
\c@savedpublisher=\count181
\c@lista=\count182
\c@savedlista=\count183
\c@listb=\count184
\c@savedlistb=\count185
\c@listc=\count186
\c@savedlistc=\count187
\c@listd=\count188
\c@savedlistd=\count189
\c@liste=\count190
\c@savedliste=\count191
\c@listf=\count192
\c@savedlistf=\count193
Package biblatex Info: Trying to load compatibility code...
Package biblatex Info: ... file 'blx-compat.def' found.

(/usr/local/texlive/2012/texmf-dist/tex/latex/biblatex/blx-compat.def
File: blx-compat.def 2011/11/13 v1.7 biblatex generic compatibility
)
Package biblatex Info: Trying to load generic definitions...
Package biblatex Info: ... file 'biblatex.def' found.

(/usr/local/texlive/2012/texmf-dist/tex/latex/biblatex/biblatex.def
File: biblatex.def 2011/11/13 v1.7 biblatex generic definitions
\c@biburlnumpenalty=\count194
\c@biburlucpenalty=\count195
\c@biburllcpenalty=\count196
\c@smartand=\count197
)
Package biblatex Info: Trying to load natbib compatibility...
Package biblatex Info: ... file 'blx-natbib.def' found.

(/usr/local/texlive/2012/texmf-dist/tex/latex/biblatex/blx-natbib.def
File: blx-natbib.def 2011/11/13 v1.7 biblatex natbib compatibility
)
Package biblatex Info: Trying to load bibliography style 'numeric'...
Package biblatex Info: ... file 'numeric.bbx' found.

(/usr/local/texlive/2012/texmf-dist/tex/latex/biblatex/bbx/numeric.bbx
File: numeric.bbx 2011/11/13 v1.7 biblatex bibliography style
Package biblatex Info: Trying to load bibliography style 'standard'...
Package biblatex Info: ... file 'standard.bbx' found.

(/usr/local/texlive/2012/texmf-dist/tex/latex/biblatex/bbx/standard.bbx
File: standard.bbx 2011/11/13 v1.7 biblatex bibliography style
))
Package biblatex Info: Trying to load citation style 'numeric'...
Package biblatex Info: ... file 'numeric.cbx' found.

(/usr/local/texlive/2012/texmf-dist/tex/latex/biblatex/cbx/numeric.cbx
File: numeric.cbx 2011/11/13 v1.7 biblatex citation style
Package biblatex Info: Redefining '\cite'.
Package biblatex Info: Redefining '\parencite'.
Package biblatex Info: Redefining '\footcite'.
Package biblatex Info: Redefining '\footcitetext'.
Package biblatex Info: Redefining '\smartcite'.
Package biblatex Info: Redefining '\textcite'.
Package biblatex Info: Redefining '\supercite'.
Package biblatex Info: Redefining '\cites'.
Package biblatex Info: Redefining '\parencites'.
Package biblatex Info: Redefining '\smartcites'.
)
Package biblatex Info: Trying to load configuration file...
Package biblatex Info: ... file 'biblatex.cfg' found.

(/usr/local/texlive/2012/texmf-dist/tex/latex/biblatex/biblatex.cfg
File: biblatex.cfg 
))
(/usr/local/texlive/2012/texmf-dist/tex/latex/base/inputenc.sty
Package: inputenc 2008/03/30 v1.1d Input encoding file
\inpenc@prehook=\toks15
\inpenc@posthook=\toks16

(/usr/local/texlive/2012/texmf-dist/tex/latex/base/latin1.def
File: latin1.def 2008/03/30 v1.1d Input encoding file
))
(/usr/local/texlive/2012/texmf-dist/tex/latex/pgf/frontendlayer/tikz.sty
(/usr/local/texlive/2012/texmf-dist/tex/latex/pgf/basiclayer/pgf.sty
(/usr/local/texlive/2012/texmf-dist/tex/latex/pgf/utilities/pgfrcs.sty
(/usr/local/texlive/2012/texmf-dist/tex/generic/pgf/utilities/pgfutil-common.te
x
\pgfutil@everybye=\toks17
)
(/usr/local/texlive/2012/texmf-dist/tex/generic/pgf/utilities/pgfutil-latex.def
\pgfutil@abb=\box26
(/usr/local/texlive/2012/texmf-dist/tex/latex/ms/everyshi.sty
Package: everyshi 2001/05/15 v3.00 EveryShipout Package (MS)
))
(/usr/local/texlive/2012/texmf-dist/tex/generic/pgf/utilities/pgfrcs.code.tex
Package: pgfrcs 2010/10/25 v2.10 (rcs-revision 1.24)
))
Package: pgf 2008/01/15 v2.10 (rcs-revision 1.12)
(/usr/local/texlive/2012/texmf-dist/tex/latex/pgf/basiclayer/pgfcore.sty
(/usr/local/texlive/2012/texmf-dist/tex/latex/graphics/graphicx.sty
Package: graphicx 1999/02/16 v1.0f Enhanced LaTeX Graphics (DPC,SPQR)

(/usr/local/texlive/2012/texmf-dist/tex/latex/graphics/graphics.sty
Package: graphics 2009/02/05 v1.0o Standard LaTeX Graphics (DPC,SPQR)

(/usr/local/texlive/2012/texmf-dist/tex/latex/graphics/trig.sty
Package: trig 1999/03/16 v1.09 sin cos tan (DPC)
)
(/usr/local/texlive/2012/texmf-dist/tex/latex/latexconfig/graphics.cfg
File: graphics.cfg 2010/04/23 v1.9 graphics configuration of TeX Live
)
Package graphics Info: Driver file: pdftex.def on input line 91.

(/usr/local/texlive/2012/texmf-dist/tex/latex/pdftex-def/pdftex.def
File: pdftex.def 2011/05/27 v0.06d Graphics/color for pdfTeX

(/usr/local/texlive/2012/texmf-dist/tex/generic/oberdiek/infwarerr.sty
Package: infwarerr 2010/04/08 v1.3 Providing info/warning/error messages (HO)
)
(/usr/local/texlive/2012/texmf-dist/tex/generic/oberdiek/ltxcmds.sty
Package: ltxcmds 2011/11/09 v1.22 LaTeX kernel commands for general use (HO)
)
\Gread@gobject=\count198
))
\Gin@req@height=\dimen103
\Gin@req@width=\dimen104
)
(/usr/local/texlive/2012/texmf-dist/tex/latex/pgf/systemlayer/pgfsys.sty
(/usr/local/texlive/2012/texmf-dist/tex/generic/pgf/systemlayer/pgfsys.code.tex
Package: pgfsys 2010/06/30 v2.10 (rcs-revision 1.37)
(/usr/local/texlive/2012/texmf-dist/tex/generic/pgf/utilities/pgfkeys.code.tex
\pgfkeys@pathtoks=\toks18
\pgfkeys@temptoks=\toks19

(/usr/local/texlive/2012/texmf-dist/tex/generic/pgf/utilities/pgfkeysfiltered.c
ode.tex
\pgfkeys@tmptoks=\toks20
))
\pgf@x=\dimen105
\pgf@y=\dimen106
\pgf@xa=\dimen107
\pgf@ya=\dimen108
\pgf@xb=\dimen109
\pgf@yb=\dimen110
\pgf@xc=\dimen111
\pgf@yc=\dimen112
\w@pgf@writea=\write4
\r@pgf@reada=\read2
\c@pgf@counta=\count199
\c@pgf@countb=\count200
\c@pgf@countc=\count201
\c@pgf@countd=\count202

(/usr/local/texlive/2012/texmf-dist/tex/generic/pgf/systemlayer/pgf.cfg
File: pgf.cfg 2008/05/14  (rcs-revision 1.7)
)
Package pgfsys Info: Driver file for pgf: pgfsys-pdftex.def on input line 900.

(/usr/local/texlive/2012/texmf-dist/tex/generic/pgf/systemlayer/pgfsys-pdftex.d
ef
File: pgfsys-pdftex.def 2009/05/22  (rcs-revision 1.26)

(/usr/local/texlive/2012/texmf-dist/tex/generic/pgf/systemlayer/pgfsys-common-p
df.def
File: pgfsys-common-pdf.def 2008/05/19  (rcs-revision 1.10)
)))
(/usr/local/texlive/2012/texmf-dist/tex/generic/pgf/systemlayer/pgfsyssoftpath.
code.tex
File: pgfsyssoftpath.code.tex 2008/07/18  (rcs-revision 1.7)
\pgfsyssoftpath@smallbuffer@items=\count203
\pgfsyssoftpath@bigbuffer@items=\count204
)
(/usr/local/texlive/2012/texmf-dist/tex/generic/pgf/systemlayer/pgfsysprotocol.
code.tex
File: pgfsysprotocol.code.tex 2006/10/16  (rcs-revision 1.4)
)) (/usr/local/texlive/2012/texmf-dist/tex/latex/xcolor/xcolor.sty
Package: xcolor 2007/01/21 v2.11 LaTeX color extensions (UK)

(/usr/local/texlive/2012/texmf-dist/tex/latex/latexconfig/color.cfg
File: color.cfg 2007/01/18 v1.5 color configuration of teTeX/TeXLive
)
Package xcolor Info: Driver file: pdftex.def on input line 225.
Package xcolor Info: Model `cmy' substituted by `cmy0' on input line 1337.
Package xcolor Info: Model `hsb' substituted by `rgb' on input line 1341.
Package xcolor Info: Model `RGB' extended on input line 1353.
Package xcolor Info: Model `HTML' substituted by `rgb' on input line 1355.
Package xcolor Info: Model `Hsb' substituted by `hsb' on input line 1356.
Package xcolor Info: Model `tHsb' substituted by `hsb' on input line 1357.
Package xcolor Info: Model `HSB' substituted by `hsb' on input line 1358.
Package xcolor Info: Model `Gray' substituted by `gray' on input line 1359.
Package xcolor Info: Model `wave' substituted by `hsb' on input line 1360.
)
(/usr/local/texlive/2012/texmf-dist/tex/generic/pgf/basiclayer/pgfcore.code.tex
Package: pgfcore 2010/04/11 v2.10 (rcs-revision 1.7)
(/usr/local/texlive/2012/texmf-dist/tex/generic/pgf/math/pgfmath.code.tex
(/usr/local/texlive/2012/texmf-dist/tex/generic/pgf/math/pgfmathcalc.code.tex
(/usr/local/texlive/2012/texmf-dist/tex/generic/pgf/math/pgfmathutil.code.tex)
(/usr/local/texlive/2012/texmf-dist/tex/generic/pgf/math/pgfmathparser.code.tex
\pgfmath@dimen=\dimen113
\pgfmath@count=\count205
\pgfmath@box=\box27
\pgfmath@toks=\toks21
\pgfmath@stack@operand=\toks22
\pgfmath@stack@operation=\toks23
)
(/usr/local/texlive/2012/texmf-dist/tex/generic/pgf/math/pgfmathfunctions.code.
tex
(/usr/local/texlive/2012/texmf-dist/tex/generic/pgf/math/pgfmathfunctions.basic
.code.tex)
(/usr/local/texlive/2012/texmf-dist/tex/generic/pgf/math/pgfmathfunctions.trigo
nometric.code.tex)
(/usr/local/texlive/2012/texmf-dist/tex/generic/pgf/math/pgfmathfunctions.rando
m.code.tex)
(/usr/local/texlive/2012/texmf-dist/tex/generic/pgf/math/pgfmathfunctions.compa
rison.code.tex)
(/usr/local/texlive/2012/texmf-dist/tex/generic/pgf/math/pgfmathfunctions.base.
code.tex)
(/usr/local/texlive/2012/texmf-dist/tex/generic/pgf/math/pgfmathfunctions.round
.code.tex)
(/usr/local/texlive/2012/texmf-dist/tex/generic/pgf/math/pgfmathfunctions.misc.
code.tex)))
(/usr/local/texlive/2012/texmf-dist/tex/generic/pgf/math/pgfmathfloat.code.tex
\c@pgfmathroundto@lastzeros=\count206
))
(/usr/local/texlive/2012/texmf-dist/tex/generic/pgf/basiclayer/pgfcorepoints.co
de.tex
File: pgfcorepoints.code.tex 2010/04/09  (rcs-revision 1.20)
\pgf@picminx=\dimen114
\pgf@picmaxx=\dimen115
\pgf@picminy=\dimen116
\pgf@picmaxy=\dimen117
\pgf@pathminx=\dimen118
\pgf@pathmaxx=\dimen119
\pgf@pathminy=\dimen120
\pgf@pathmaxy=\dimen121
\pgf@xx=\dimen122
\pgf@xy=\dimen123
\pgf@yx=\dimen124
\pgf@yy=\dimen125
\pgf@zx=\dimen126
\pgf@zy=\dimen127
)
(/usr/local/texlive/2012/texmf-dist/tex/generic/pgf/basiclayer/pgfcorepathconst
ruct.code.tex
File: pgfcorepathconstruct.code.tex 2010/08/03  (rcs-revision 1.24)
\pgf@path@lastx=\dimen128
\pgf@path@lasty=\dimen129
)
(/usr/local/texlive/2012/texmf-dist/tex/generic/pgf/basiclayer/pgfcorepathusage
.code.tex
File: pgfcorepathusage.code.tex 2008/04/22  (rcs-revision 1.12)
\pgf@shorten@end@additional=\dimen130
\pgf@shorten@start@additional=\dimen131
)
(/usr/local/texlive/2012/texmf-dist/tex/generic/pgf/basiclayer/pgfcorescopes.co
de.tex
File: pgfcorescopes.code.tex 2010/09/08  (rcs-revision 1.34)
\pgfpic=\box28
\pgf@hbox=\box29
\pgf@layerbox@main=\box30
\pgf@picture@serial@count=\count207
)
(/usr/local/texlive/2012/texmf-dist/tex/generic/pgf/basiclayer/pgfcoregraphicst
ate.code.tex
File: pgfcoregraphicstate.code.tex 2008/04/22  (rcs-revision 1.9)
\pgflinewidth=\dimen132
)
(/usr/local/texlive/2012/texmf-dist/tex/generic/pgf/basiclayer/pgfcoretransform
ations.code.tex
File: pgfcoretransformations.code.tex 2009/06/10  (rcs-revision 1.11)
\pgf@pt@x=\dimen133
\pgf@pt@y=\dimen134
\pgf@pt@temp=\dimen135
)
(/usr/local/texlive/2012/texmf-dist/tex/generic/pgf/basiclayer/pgfcorequick.cod
e.tex
File: pgfcorequick.code.tex 2008/10/09  (rcs-revision 1.3)
)
(/usr/local/texlive/2012/texmf-dist/tex/generic/pgf/basiclayer/pgfcoreobjects.c
ode.tex
File: pgfcoreobjects.code.tex 2006/10/11  (rcs-revision 1.2)
)
(/usr/local/texlive/2012/texmf-dist/tex/generic/pgf/basiclayer/pgfcorepathproce
ssing.code.tex
File: pgfcorepathprocessing.code.tex 2008/10/09  (rcs-revision 1.8)
)
(/usr/local/texlive/2012/texmf-dist/tex/generic/pgf/basiclayer/pgfcorearrows.co
de.tex
File: pgfcorearrows.code.tex 2008/04/23  (rcs-revision 1.11)
)
(/usr/local/texlive/2012/texmf-dist/tex/generic/pgf/basiclayer/pgfcoreshade.cod
e.tex
File: pgfcoreshade.code.tex 2008/11/23  (rcs-revision 1.13)
\pgf@max=\dimen136
\pgf@sys@shading@range@num=\count208
)
(/usr/local/texlive/2012/texmf-dist/tex/generic/pgf/basiclayer/pgfcoreimage.cod
e.tex
File: pgfcoreimage.code.tex 2010/03/25  (rcs-revision 1.16)

(/usr/local/texlive/2012/texmf-dist/tex/generic/pgf/basiclayer/pgfcoreexternal.
code.tex
File: pgfcoreexternal.code.tex 2010/09/01  (rcs-revision 1.17)
\pgfexternal@startupbox=\box31
))
(/usr/local/texlive/2012/texmf-dist/tex/generic/pgf/basiclayer/pgfcorelayers.co
de.tex
File: pgfcorelayers.code.tex 2010/08/27  (rcs-revision 1.2)
)
(/usr/local/texlive/2012/texmf-dist/tex/generic/pgf/basiclayer/pgfcoretranspare
ncy.code.tex
File: pgfcoretransparency.code.tex 2008/01/17  (rcs-revision 1.2)
)
(/usr/local/texlive/2012/texmf-dist/tex/generic/pgf/basiclayer/pgfcorepatterns.
code.tex
File: pgfcorepatterns.code.tex 2009/07/02  (rcs-revision 1.3)
)))
(/usr/local/texlive/2012/texmf-dist/tex/generic/pgf/modules/pgfmoduleshapes.cod
e.tex
File: pgfmoduleshapes.code.tex 2010/09/09  (rcs-revision 1.13)
\pgfnodeparttextbox=\box32
)
(/usr/local/texlive/2012/texmf-dist/tex/generic/pgf/modules/pgfmoduleplot.code.
tex
File: pgfmoduleplot.code.tex 2010/10/22  (rcs-revision 1.8)
)
(/usr/local/texlive/2012/texmf-dist/tex/latex/pgf/compatibility/pgfcomp-version
-0-65.sty
Package: pgfcomp-version-0-65 2007/07/03 v2.10 (rcs-revision 1.7)
\pgf@nodesepstart=\dimen137
\pgf@nodesepend=\dimen138
)
(/usr/local/texlive/2012/texmf-dist/tex/latex/pgf/compatibility/pgfcomp-version
-1-18.sty
Package: pgfcomp-version-1-18 2007/07/23 v2.10 (rcs-revision 1.1)
))
(/usr/local/texlive/2012/texmf-dist/tex/latex/pgf/utilities/pgffor.sty
(/usr/local/texlive/2012/texmf-dist/tex/latex/pgf/utilities/pgfkeys.sty
(/usr/local/texlive/2012/texmf-dist/tex/generic/pgf/utilities/pgfkeys.code.tex)
) (/usr/local/texlive/2012/texmf-dist/tex/generic/pgf/utilities/pgffor.code.tex
Package: pgffor 2010/03/23 v2.10 (rcs-revision 1.18)
\pgffor@iter=\dimen139
\pgffor@skip=\dimen140
\pgffor@stack=\toks24
\pgffor@toks=\toks25
))
(/usr/local/texlive/2012/texmf-dist/tex/generic/pgf/frontendlayer/tikz/tikz.cod
e.tex
Package: tikz 2010/10/13 v2.10 (rcs-revision 1.76)

(/usr/local/texlive/2012/texmf-dist/tex/generic/pgf/libraries/pgflibraryplothan
dlers.code.tex
File: pgflibraryplothandlers.code.tex 2010/05/31 v2.10 (rcs-revision 1.15)
\pgf@plot@mark@count=\count209
\pgfplotmarksize=\dimen141
)
\tikz@lastx=\dimen142
\tikz@lasty=\dimen143
\tikz@lastxsaved=\dimen144
\tikz@lastysaved=\dimen145
\tikzleveldistance=\dimen146
\tikzsiblingdistance=\dimen147
\tikz@figbox=\box33
\tikz@tempbox=\box34
\tikztreelevel=\count210
\tikznumberofchildren=\count211
\tikznumberofcurrentchild=\count212
\tikz@fig@count=\count213

(/usr/local/texlive/2012/texmf-dist/tex/generic/pgf/modules/pgfmodulematrix.cod
e.tex
File: pgfmodulematrix.code.tex 2010/08/24  (rcs-revision 1.4)
\pgfmatrixcurrentrow=\count214
\pgfmatrixcurrentcolumn=\count215
\pgf@matrix@numberofcolumns=\count216
)
\tikz@expandcount=\count217

(/usr/local/texlive/2012/texmf-dist/tex/generic/pgf/frontendlayer/tikz/librarie
s/tikzlibrarytopaths.code.tex
File: tikzlibrarytopaths.code.tex 2008/06/17 v2.10 (rcs-revision 1.2)
)))
(/usr/local/texlive/2012/texmf-dist/tex/latex/tkz-tab/tkz-tab.sty
Package: tkz-tab 2011/04/17 v1.4c variations (ctan version) 

(/usr/local/texlive/2012/texmf-dist/tex/latex/xkeyval/xkeyval.sty
Package: xkeyval 2008/08/13 v2.6a package option processing (HA)

(/usr/local/texlive/2012/texmf-dist/tex/generic/xkeyval/xkeyval.tex
\XKV@toks=\toks26
\XKV@tempa@toks=\toks27
\XKV@depth=\count218
File: xkeyval.tex 2008/08/13 v2.6a key=value parser (HA)
))
(/usr/local/texlive/2012/texmf-dist/tex/generic/pgf/frontendlayer/tikz/librarie
s/tikzlibraryarrows.code.tex
File: tikzlibraryarrows.code.tex 2008/01/09 v2.10 (rcs-revision 1.1)

(/usr/local/texlive/2012/texmf-dist/tex/generic/pgf/libraries/pgflibraryarrows.
code.tex
File: pgflibraryarrows.code.tex 2008/10/27 v2.10 (rcs-revision 1.9)
\arrowsize=\dimen148
))
(/usr/local/texlive/2012/texmf-dist/tex/generic/pgf/frontendlayer/tikz/librarie
s/tikzlibrarypatterns.code.tex
File: tikzlibrarypatterns.code.tex 2008/01/15 v2.10 (rcs-revision 1.2)

(/usr/local/texlive/2012/texmf-dist/tex/generic/pgf/libraries/pgflibrarypattern
s.code.tex
File: pgflibrarypatterns.code.tex 2008/03/03 v2.10 (rcs-revision 1.13)
))
\tkz@XF=\dimen149
\tkz@YF=\dimen150
\c@tkz@cnt@line=\count219
\c@tkz@cnt@lg=\count220
\c@tkz@cnt@cl=\count221
\c@tkz@cnt@pred=\count222
\c@tkz@cnt@temp=\count223
\c@tkz@cnt@arrow=\count224
\c@tkz@cnt@zone=\count225
\c@tkz@cnt@lgnext=\count226
\c@tkz@cnt@clnext=\count227
\c@tkz@cnt@pair=\count228
\c@tkz@cnt@impair=\count229
\c@tkz@cnt@aw=\count230
)
(/usr/local/texlive/2012/texmf-dist/tex/generic/variations/variations.sty
Package: variations 2006/09/13 v0.3 Tableaux de variations

(/usr/local/texlive/2012/texmf-dist/tex/generic/variations/variations.tex))
(./mystyle.sty
(/usr/local/texlive/2012/texmf-dist/tex/latex/amsmath/amsmath.sty
Package: amsmath 2000/07/18 v2.13 AMS math features
\@mathmargin=\skip53

For additional information on amsmath, use the `?' option.
(/usr/local/texlive/2012/texmf-dist/tex/latex/amsmath/amstext.sty
Package: amstext 2000/06/29 v2.01

(/usr/local/texlive/2012/texmf-dist/tex/latex/amsmath/amsgen.sty
File: amsgen.sty 1999/11/30 v2.0
\@emptytoks=\toks28
\ex@=\dimen151
))
(/usr/local/texlive/2012/texmf-dist/tex/latex/amsmath/amsbsy.sty
Package: amsbsy 1999/11/29 v1.2d
\pmbraise@=\dimen152
)
(/usr/local/texlive/2012/texmf-dist/tex/latex/amsmath/amsopn.sty
Package: amsopn 1999/12/14 v2.01 operator names
)
\inf@bad=\count231
LaTeX Info: Redefining \frac on input line 211.
\uproot@=\count232
\leftroot@=\count233
LaTeX Info: Redefining \overline on input line 307.
Normal \count register pool exhausted, switching to extended pool.
\classnum@=\count277
\DOTSCASE@=\count278
LaTeX Info: Redefining \ldots on input line 379.
LaTeX Info: Redefining \dots on input line 382.
LaTeX Info: Redefining \cdots on input line 467.
\Mathstrutbox@=\box35
\strutbox@=\box36
\big@size=\dimen153
LaTeX Font Info:    Redeclaring font encoding OML on input line 567.
LaTeX Font Info:    Redeclaring font encoding OMS on input line 568.
\macc@depth=\count279
\c@MaxMatrixCols=\count280
\dotsspace@=\muskip11
\c@parentequation=\count281
\dspbrk@lvl=\count282
\tag@help=\toks29
\row@=\count283
\column@=\count284
\maxfields@=\count285
\andhelp@=\toks30
\eqnshift@=\dimen154
\alignsep@=\dimen155
\tagshift@=\dimen156
\tagwidth@=\dimen157
\totwidth@=\dimen158
\lineht@=\dimen159
\@envbody=\toks31
\multlinegap=\skip54
\multlinetaggap=\skip55
\mathdisplay@stack=\toks32
LaTeX Info: Redefining \[ on input line 2666.
LaTeX Info: Redefining \] on input line 2667.
)
(/usr/local/texlive/2012/texmf-dist/tex/latex/amsfonts/amsfonts.sty
Package: amsfonts 2009/06/22 v3.00 Basic AMSFonts support
\symAMSa=\mathgroup4
\symAMSb=\mathgroup5
LaTeX Font Info:    Overwriting math alphabet `\mathfrak' in version `bold'
(Font)                  U/euf/m/n --> U/euf/b/n on input line 96.
)
(/usr/local/texlive/2012/texmf-dist/tex/latex/amsfonts/amssymb.sty
Package: amssymb 2009/06/22 v3.00
)
(/usr/local/texlive/2012/texmf-dist/tex/latex/amscls/amsthm.sty
Package: amsthm 2009/07/02 v2.20.1
\thm@style=\toks33
\thm@bodyfont=\toks34
\thm@headfont=\toks35
\thm@notefont=\toks36
\thm@headpunct=\toks37
\thm@preskip=\skip56
\thm@postskip=\skip57
\thm@headsep=\skip58
\dth@everypar=\toks38
)
(/usr/local/texlive/2012/texmf-dist/tex/latex/stmaryrd/stmaryrd.sty
Package: stmaryrd 1994/03/03 St Mary's Road symbol package
\symstmry=\mathgroup6
LaTeX Font Info:    Overwriting symbol font `stmry' in version `bold'
(Font)                  U/stmry/m/n --> U/stmry/b/n on input line 89.
)
(/usr/local/texlive/2012/texmf-dist/tex/latex/doublestroke/dsfont.sty
Package: dsfont 1995/08/01 v0.1 Double stroke roman fonts
)
(/usr/local/texlive/2012/texmf-dist/tex/latex/tools/array.sty
Package: array 2008/09/09 v2.4c Tabular extension package (FMi)
\col@sep=\dimen160
\extrarowheight=\dimen161
\NC@list=\toks39
\extratabsurround=\skip59
\backup@length=\skip60


LaTeX Warning: Command \@xhline  has changed.
               Check if current package is valid.

) (/usr/local/texlive/2012/texmf-dist/tex/latex/tools/tabularx.sty
Package: tabularx 1999/01/07 v2.07 `tabularx' package (DPC)
\TX@col@width=\dimen162
\TX@old@table=\dimen163
\TX@old@col=\dimen164
\TX@target=\dimen165
\TX@delta=\dimen166
\TX@cols=\count286
\TX@ftn=\toks40
)
(/usr/local/texlive/2012/texmf-dist/tex/latex/tools/indentfirst.sty
Package: indentfirst 1995/11/23 v1.03 Indent first paragraph (DPC)
)
(/usr/local/texlive/2012/texmf-dist/tex/latex/relsize/relsize.sty
Package: relsize 2011/09/21 ver 4.0

Examine \normalsize starts \@setfontsize size may be \@xiipt. 
Examine \small starts \@setfontsize size may be \@xipt. 
Examine \footnotesize starts \@setfontsize size may be \@xpt. 
Examine \large starts \@setfontsize size may be \@xivpt. 
Examine \Large starts \@setfontsize size may be \@xviipt. 
Examine \LARGE starts \@setfontsize size may be \@xxpt. 
Examine \scriptsize starts \@setfontsize size may be \@viiipt. 
Examine \tiny starts \@setfontsize size may be \@vipt. 
Examine \huge starts \@setfontsize size may be \@xxvpt. 
Examine \Huge starts \@setfontsize size may be \@xxvpt. )
(/usr/local/texlive/2012/texmf-dist/tex/latex/tools/xspace.sty
Package: xspace 2009/10/20 v1.13 Space after command names (DPC,MH)
)
(/usr/local/texlive/2012/texmf-dist/tex/latex/hyperref/hyperref.sty
Package: hyperref 2012/05/13 v6.82q Hypertext links for LaTeX

(/usr/local/texlive/2012/texmf-dist/tex/generic/oberdiek/hobsub-hyperref.sty
Package: hobsub-hyperref 2012/05/28 v1.13 Bundle oberdiek, subset hyperref (HO)


(/usr/local/texlive/2012/texmf-dist/tex/generic/oberdiek/hobsub-generic.sty
Package: hobsub-generic 2012/05/28 v1.13 Bundle oberdiek, subset generic (HO)
Package: hobsub 2012/05/28 v1.13 Construct package bundles (HO)
Package hobsub Info: Skipping package `infwarerr' (already loaded).
Package hobsub Info: Skipping package `ltxcmds' (already loaded).
Package: ifluatex 2010/03/01 v1.3 Provides the ifluatex switch (HO)
Package ifluatex Info: LuaTeX not detected.
Package: ifvtex 2010/03/01 v1.5 Detect VTeX and its facilities (HO)
Package ifvtex Info: VTeX not detected.
Package: intcalc 2007/09/27 v1.1 Expandable calculations with integers (HO)
Package: ifpdf 2011/01/30 v2.3 Provides the ifpdf switch (HO)
Package ifpdf Info: pdfTeX in PDF mode is detected.
Package: etexcmds 2011/02/16 v1.5 Avoid name clashes with e-TeX commands (HO)
Package etexcmds Info: Could not find \expanded.
(etexcmds)             That can mean that you are not using pdfTeX 1.50 or
(etexcmds)             that some package has redefined \expanded.
(etexcmds)             In the latter case, load this package earlier.
Package: kvsetkeys 2012/04/25 v1.16 Key value parser (HO)
Package: kvdefinekeys 2011/04/07 v1.3 Define keys (HO)
Package: pdftexcmds 2011/11/29 v0.20 Utility functions of pdfTeX for LuaTeX (HO
)
Package pdftexcmds Info: LuaTeX not detected.
Package pdftexcmds Info: \pdf@primitive is available.
Package pdftexcmds Info: \pdf@ifprimitive is available.
Package pdftexcmds Info: \pdfdraftmode found.
Package: pdfescape 2011/11/25 v1.13 Implements pdfTeX's escape features (HO)
Package: bigintcalc 2012/04/08 v1.3 Expandable calculations on big integers (HO
)
Package: bitset 2011/01/30 v1.1 Handle bit-vector datatype (HO)
Package: uniquecounter 2011/01/30 v1.2 Provide unlimited unique counter (HO)
)
Package hobsub Info: Skipping package `hobsub' (already loaded).
Package: letltxmacro 2010/09/02 v1.4 Let assignment for LaTeX macros (HO)
Package: hopatch 2012/05/28 v1.2 Wrapper for package hooks (HO)
Package: xcolor-patch 2011/01/30 xcolor patch
Package: atveryend 2011/06/30 v1.8 Hooks at the very end of document (HO)
Package: atbegshi 2011/10/05 v1.16 At begin shipout hook (HO)
Package: refcount 2011/10/16 v3.4 Data extraction from label references (HO)
Package: hycolor 2011/01/30 v1.7 Color options for hyperref/bookmark (HO)
)
(/usr/local/texlive/2012/texmf-dist/tex/generic/ifxetex/ifxetex.sty
Package: ifxetex 2010/09/12 v0.6 Provides ifxetex conditional
)
(/usr/local/texlive/2012/texmf-dist/tex/latex/oberdiek/kvoptions.sty
Package: kvoptions 2011/06/30 v3.11 Key value format for package options (HO)
)
\@linkdim=\dimen167
\Hy@linkcounter=\count287
\Hy@pagecounter=\count288

(/usr/local/texlive/2012/texmf-dist/tex/latex/hyperref/pd1enc.def
File: pd1enc.def 2012/05/13 v6.82q Hyperref: PDFDocEncoding definition (HO)
)
\Hy@SavedSpaceFactor=\count289

(/usr/local/texlive/2012/texmf-dist/tex/latex/latexconfig/hyperref.cfg
File: hyperref.cfg 2002/06/06 v1.2 hyperref configuration of TeXLive
)
Package hyperref Info: Hyper figures OFF on input line 4062.
Package hyperref Info: Link nesting OFF on input line 4067.
Package hyperref Info: Hyper index ON on input line 4070.
Package hyperref Info: Plain pages OFF on input line 4077.
Package hyperref Info: Backreferencing OFF on input line 4082.
Package hyperref Info: Implicit mode ON; LaTeX internals redefined.
Package hyperref Info: Bookmarks ON on input line 4300.
\c@Hy@tempcnt=\count290
LaTeX Info: Redefining \url on input line 4653.
\Fld@menulength=\count291
\Field@Width=\dimen168
\Fld@charsize=\dimen169
Package hyperref Info: Hyper figures OFF on input line 5773.
Package hyperref Info: Link nesting OFF on input line 5778.
Package hyperref Info: Hyper index ON on input line 5781.
Package hyperref Info: backreferencing OFF on input line 5788.
Package hyperref Info: Link coloring OFF on input line 5793.
Package hyperref Info: Link coloring with OCG OFF on input line 5798.
Package hyperref Info: PDF/A mode OFF on input line 5803.
LaTeX Info: Redefining \ref on input line 5843.
LaTeX Info: Redefining \pageref on input line 5847.
\Hy@abspage=\count292
\c@Item=\count293
\c@Hfootnote=\count294
)

Package hyperref Message: Driver (autodetected): hpdftex.

(/usr/local/texlive/2012/texmf-dist/tex/latex/hyperref/hpdftex.def
File: hpdftex.def 2012/05/13 v6.82q Hyperref driver for pdfTeX
\Fld@listcount=\count295
\c@bookmark@seq@number=\count296

(/usr/local/texlive/2012/texmf-dist/tex/latex/oberdiek/rerunfilecheck.sty
Package: rerunfilecheck 2011/04/15 v1.7 Rerun checks for auxiliary files (HO)
Package uniquecounter Info: New unique counter `rerunfilecheck' on input line 2
82.
)
\Hy@SectionHShift=\skip61
)
Package hyperref Info: Option `colorlinks' set `true' on input line 45.
\c@thm=\count297
\c@prop=\count298
\c@defn=\count299
\c@cor=\count300
\c@lem=\count301
\c@rem=\count302
\c@exmp=\count303

(/usr/local/texlive/2012/texmf-dist/tex/latex/float/float.sty
Package: float 2001/11/08 v1.3d Float enhancements (AL)
\c@float@type=\count304
\float@exts=\toks41
\float@box=\box37
\@float@everytoks=\toks42
\@floatcapt=\box38
)
\@float@every@listing=\toks43
\c@listing=\count305
\restsubwidth=\skip62
\restsubheight=\skip63
\restsubmoreheight=\skip64

(/usr/local/texlive/2012/texmf-dist/tex/latex/subfig/subfig.sty
Package: subfig 2005/06/28 ver: 1.3 subfig package

(/usr/local/texlive/2012/texmf-dist/tex/latex/caption/caption.sty
Package: caption 2012/02/19 v3.2f Customizing captions (AR)

(/usr/local/texlive/2012/texmf-dist/tex/latex/caption/caption3.sty
Package: caption3 2012/01/12 v1.4b caption3 kernel (AR)
\captionmargin=\dimen170
\captionmargin@=\dimen171
\captionwidth=\dimen172
\caption@indent=\dimen173
\caption@parindent=\dimen174
\caption@hangindent=\dimen175
Package caption Info: Unknown document class (or package),
(caption)             standard defaults will be used.
)

Package caption Warning: Unsupported document class (or package) detected,
(caption)                usage of the caption package is not recommended.
See the caption package documentation for explanation.

Package caption Info: \@makecaption = \long macro:#1#2->\vskip \abovecaptionski
p \begin {indented} \item []{\bf #1.} #2 \end {indented}\vskip \belowcaptionski
p .
\c@ContinuedFloat=\count306
Package caption Info: float package is loaded.
Package caption Info: hyperref package is loaded.
)
\c@KVtest=\count307
\sf@farskip=\skip65
\sf@captopadj=\dimen176
\sf@capskip=\skip66
\sf@nearskip=\skip67
\c@subfigure=\count308
\c@subfigure@save=\count309
\c@lofdepth=\count310
\c@subtable=\count311
\c@subtable@save=\count312
\c@lotdepth=\count313
\sf@top=\skip68
\sf@bottom=\skip69
) (/usr/local/texlive/2012/texmf-dist/tex/latex/multirow/multirow.sty
\bigstrutjot=\dimen177
))
(./notations.sty
(/usr/local/texlive/2012/texmf-dist/tex/latex/jknapltx/mathrsfs.sty
Package: mathrsfs 1996/01/01 Math RSFS package v1.0 (jk)
\symrsfs=\mathgroup7
))
Package biblatex Info: Trying to load language 'english'...
Package biblatex Info: ... file 'english.lbx' found.

(/usr/local/texlive/2012/texmf-dist/tex/latex/biblatex/lbx/english.lbx
File: english.lbx 2011/11/13 v1.7 biblatex localization
)
\@quotelevel=\count314
\@quotereset=\count315

(./Asymptotic-Lasso.aux)
\openout1 = `Asymptotic-Lasso.aux'.

LaTeX Font Info:    Checking defaults for OML/cmm/m/it on input line 24.
LaTeX Font Info:    ... okay on input line 24.
LaTeX Font Info:    Checking defaults for T1/cmr/m/n on input line 24.
LaTeX Font Info:    ... okay on input line 24.
LaTeX Font Info:    Checking defaults for OT1/cmr/m/n on input line 24.
LaTeX Font Info:    ... okay on input line 24.
LaTeX Font Info:    Checking defaults for OMS/cmsy/m/n on input line 24.
LaTeX Font Info:    ... okay on input line 24.
LaTeX Font Info:    Checking defaults for OMX/cmex/m/n on input line 24.
LaTeX Font Info:    ... okay on input line 24.
LaTeX Font Info:    Checking defaults for U/cmr/m/n on input line 24.
LaTeX Font Info:    ... okay on input line 24.
LaTeX Font Info:    Checking defaults for PD1/pdf/m/n on input line 24.
LaTeX Font Info:    ... okay on input line 24.
Package biblatex Info: Input encoding 'latin1' detected.
Package biblatex Info: Automatic encoding selection.
(biblatex)             Assuming data encoding 'latin1'.


Package biblatex Warning: Data encoding is 'latin1'.
(biblatex)                Use backend=bibtex8 or backend=biber.

\openout3 = `Asymptotic-Lasso-blx.bib'.

Package biblatex Info: Trying to load bibliographic data...
Package biblatex Info: ... file 'Asymptotic-Lasso.bbl' found.
(./Asymptotic-Lasso.bbl)
Package biblatex Info: Reference section=0 on input line 24.
Package biblatex Info: Reference segment=0 on input line 24.
 ABD: EveryShipout initializing macros
(/usr/local/texlive/2012/texmf-dist/tex/context/base/supp-pdf.mkii
[Loading MPS to PDF converter (version 2006.09.02).]
\scratchcounter=\count316
\scratchdimen=\dimen178
\scratchbox=\box39
\nofMPsegments=\count317
\nofMParguments=\count318
\everyMPshowfont=\toks44
\MPscratchCnt=\count319
\MPscratchDim=\dimen179
\MPnumerator=\count320
\makeMPintoPDFobject=\count321
\everyMPtoPDFconversion=\toks45
) (/usr/local/texlive/2012/texmf-dist/tex/latex/oberdiek/epstopdf-base.sty
Package: epstopdf-base 2010/02/09 v2.5 Base part for package epstopdf

(/usr/local/texlive/2012/texmf-dist/tex/latex/oberdiek/grfext.sty
Package: grfext 2010/08/19 v1.1 Manage graphics extensions (HO)
)
Package grfext Info: Graphics extension search list:
(grfext)             [.png,.pdf,.jpg,.mps,.jpeg,.jbig2,.jb2,.PNG,.PDF,.JPG,.JPE
G,.JBIG2,.JB2,.eps]
(grfext)             \AppendGraphicsExtensions on input line 452.

(/usr/local/texlive/2012/texmf-dist/tex/latex/latexconfig/epstopdf-sys.cfg
File: epstopdf-sys.cfg 2010/07/13 v1.3 Configuration of (r)epstopdf for TeX Liv
e
))
\AtBeginShipoutBox=\box40
Package hyperref Info: Link coloring ON on input line 24.

(/usr/local/texlive/2012/texmf-dist/tex/latex/hyperref/nameref.sty
Package: nameref 2010/04/30 v2.40 Cross-referencing by name of section

(/usr/local/texlive/2012/texmf-dist/tex/generic/oberdiek/gettitlestring.sty
Package: gettitlestring 2010/12/03 v1.4 Cleanup title references (HO)
)
\c@section@level=\count322
)
LaTeX Info: Redefining \ref on input line 24.
LaTeX Info: Redefining \pageref on input line 24.
LaTeX Info: Redefining \nameref on input line 24.

(./Asymptotic-Lasso.out) (./Asymptotic-Lasso.out)
\@outlinefile=\write5
\openout5 = `Asymptotic-Lasso.out'.

Package caption Info: Begin \AtBeginDocument code.
Package caption Info: subfig package v1.3 is loaded.
Package caption Info: End \AtBeginDocument code.
LaTeX Font Info:    Try loading font information for U+msa on input line 30.

(/usr/local/texlive/2012/texmf-dist/tex/latex/amsfonts/umsa.fd
File: umsa.fd 2009/06/22 v3.00 AMS symbols A
)
LaTeX Font Info:    Try loading font information for U+msb on input line 30.

(/usr/local/texlive/2012/texmf-dist/tex/latex/amsfonts/umsb.fd
File: umsb.fd 2009/06/22 v3.00 AMS symbols B
)
LaTeX Font Info:    Try loading font information for U+stmry on input line 30.

(/usr/local/texlive/2012/texmf-dist/tex/latex/stmaryrd/Ustmry.fd)
LaTeX Font Info:    Try loading font information for U+rsfs on input line 30.

(/usr/local/texlive/2012/texmf-dist/tex/latex/jknapltx/ursfs.fd
File: ursfs.fd 1998/03/24 rsfs font definition file (jk)
)
(./sections/abstract.tex) (./sections/intro.tex [1

{/usr/local/texlive/2012/texmf-var/fonts/map/pdftex/updmap/pdftex.map}] [2]
Package epstopdf Info: Source file: <./images/homotopy-bp/k3-n512-observations.
eps>
(epstopdf)                    date: 2016-07-07 12:14:40
(epstopdf)                    size: 85685 bytes
(epstopdf)             Output file: <./images/homotopy-bp/k3-n512-observations-
eps-converted-to.pdf>
(epstopdf)                    date: 2016-07-07 12:15:23
(epstopdf)                    size: 34013 bytes
(epstopdf)             Command: <epstopdf --outfile=./images/homotopy-bp/k3-n51
2-observations-eps-converted-to.pdf ./images/homotopy-bp/k3-n512-observations.e
ps>
(epstopdf)             \includegraphics on input line 98.
Package epstopdf Info: Output file is already uptodate.

<./images/homotopy-bp/k3-n512-observations-eps-converted-to.pdf, id=173, 498.86
375pt x 150.5625pt>
File: ./images/homotopy-bp/k3-n512-observations-eps-converted-to.pdf Graphic fi
le (type pdf)

<use ./images/homotopy-bp/k3-n512-observations-eps-converted-to.pdf>
Package pdftex.def Info: ./images/homotopy-bp/k3-n512-observations-eps-converte
d-to.pdf used on input line 98.
(pdftex.def)             Requested size: 218.73843pt x 66.01796pt.
Package epstopdf Info: Source file: <./images/homotopy-bp/k3-n512-path.eps>
(epstopdf)                    date: 2016-07-07 12:14:40
(epstopdf)                    size: 623619 bytes
(epstopdf)             Output file: <./images/homotopy-bp/k3-n512-path-eps-conv
erted-to.pdf>
(epstopdf)                    date: 2016-07-07 12:15:24
(epstopdf)                    size: 24739 bytes
(epstopdf)             Command: <epstopdf --outfile=./images/homotopy-bp/k3-n51
2-path-eps-converted-to.pdf ./images/homotopy-bp/k3-n512-path.eps>
(epstopdf)             \includegraphics on input line 98.
Package epstopdf Info: Output file is already uptodate.

<./images/homotopy-bp/k3-n512-path-eps-converted-to.pdf, id=174, 499.8675pt x 1
79.67125pt>
File: ./images/homotopy-bp/k3-n512-path-eps-converted-to.pdf Graphic file (type
 pdf)
 <use ./images/homotopy-bp/k3-n512-path-eps-converted-to.pdf>
Package pdftex.def Info: ./images/homotopy-bp/k3-n512-path-eps-converted-to.pdf
 used on input line 98.
(pdftex.def)             Requested size: 218.73843pt x 78.6224pt.
Package epstopdf Info: Source file: <./images/homotopy-bp/k3-n512-lambda1.eps>
(epstopdf)                    date: 2016-07-07 12:14:41
(epstopdf)                    size: 26849 bytes
(epstopdf)             Output file: <./images/homotopy-bp/k3-n512-lambda1-eps-c
onverted-to.pdf>
(epstopdf)                    date: 2016-07-07 12:15:24
(epstopdf)                    size: 5917 bytes
(epstopdf)             Command: <epstopdf --outfile=./images/homotopy-bp/k3-n51
2-lambda1-eps-converted-to.pdf ./images/homotopy-bp/k3-n512-lambda1.eps>
(epstopdf)             \includegraphics on input line 100.
Package epstopdf Info: Output file is already uptodate.

<./images/homotopy-bp/k3-n512-lambda1-eps-converted-to.pdf, id=175, 498.86375pt
 x 149.55875pt>
File: ./images/homotopy-bp/k3-n512-lambda1-eps-converted-to.pdf Graphic file (t
ype pdf)

<use ./images/homotopy-bp/k3-n512-lambda1-eps-converted-to.pdf>
Package pdftex.def Info: ./images/homotopy-bp/k3-n512-lambda1-eps-converted-to.
pdf used on input line 100.
(pdftex.def)             Requested size: 218.73843pt x 65.57784pt.
Package epstopdf Info: Source file: <./images/homotopy-bp/k3-n512-lambda3.eps>
(epstopdf)                    date: 2016-07-07 12:14:43
(epstopdf)                    size: 15436 bytes
(epstopdf)             Output file: <./images/homotopy-bp/k3-n512-lambda3-eps-c
onverted-to.pdf>
(epstopdf)                    date: 2016-07-07 12:15:24
(epstopdf)                    size: 4565 bytes
(epstopdf)             Command: <epstopdf --outfile=./images/homotopy-bp/k3-n51
2-lambda3-eps-converted-to.pdf ./images/homotopy-bp/k3-n512-lambda3.eps>
(epstopdf)             \includegraphics on input line 100.
Package epstopdf Info: Output file is already uptodate.

<./images/homotopy-bp/k3-n512-lambda3-eps-converted-to.pdf, id=176, 498.86375pt
 x 149.55875pt>
File: ./images/homotopy-bp/k3-n512-lambda3-eps-converted-to.pdf Graphic file (t
ype pdf)

<use ./images/homotopy-bp/k3-n512-lambda3-eps-converted-to.pdf>
Package pdftex.def Info: ./images/homotopy-bp/k3-n512-lambda3-eps-converted-to.
pdf used on input line 100.
(pdftex.def)             Requested size: 218.73843pt x 65.57784pt.
 [3] [4 <./images/homotopy-bp/k3-n512-observations-eps-converted-to.pdf> <./ima
ges/homotopy-bp/k3-n512-path-eps-converted-to.pdf> <./images/homotopy-bp/k3-n51
2-lambda1-eps-converted-to.pdf> <./images/homotopy-bp/k3-n512-lambda3-eps-conve
rted-to.pdf>]
[5] [6]) (./sections/lasso-abstract.tex

LaTeX Font Warning: Font shape `OT1/cmr/bx/sc' undefined
(Font)              using `OT1/cmr/bx/n' instead on input line 4.

[7] [8] [9]) (./sections/lasso-thin.tex [10]
Underfull \hbox (badness 3343) in paragraph at lines 22--24
[]\OT1/cmr/m/n/12 For the sake of simplicity we only study uniform grids, i.e. 
$\OMS/cmsy/m/n/12 G []
 []

[11] [12] [13]

Package hyperref Warning: Token not allowed in a PDF string (PDFDocEncoding):
(hyperref)                removing `math shift' on input line 179.


Package hyperref Warning: Token not allowed in a PDF string (PDFDocEncoding):
(hyperref)                removing `\lambda' on input line 179.


Package hyperref Warning: Token not allowed in a PDF string (PDFDocEncoding):
(hyperref)                removing `math shift' on input line 179.

[14]
LaTeX Font Info:    Try loading font information for U+dsrom on input line 213.

 (/usr/local/texlive/2012/texmf-dist/tex/latex/doublestroke/Udsrom.fd
File: Udsrom.fd 1995/08/01 v0.1 Double stroke roman font definitions
)
[15] [16] [17]) (./sections/numerics.tex [18]
Package epstopdf Info: Source file: <./images/compressed-sensing/ident-vs-ic.ep
s>
(epstopdf)                    date: 2015-02-03 19:46:20
(epstopdf)                    size: 15381 bytes
(epstopdf)             Output file: <./images/compressed-sensing/ident-vs-ic-ep
s-converted-to.pdf>
(epstopdf)                    date: 2015-02-03 19:46:20
(epstopdf)                    size: 5073 bytes
(epstopdf)             Command: <epstopdf --outfile=./images/compressed-sensing
/ident-vs-ic-eps-converted-to.pdf ./images/compressed-sensing/ident-vs-ic.eps>
(epstopdf)             \includegraphics on input line 29.
Package epstopdf Info: Output file is already uptodate.

<./images/compressed-sensing/ident-vs-ic-eps-converted-to.pdf, id=616, 466.7437
4pt x 367.3725pt>
File: ./images/compressed-sensing/ident-vs-ic-eps-converted-to.pdf Graphic file
 (type pdf)

<use ./images/compressed-sensing/ident-vs-ic-eps-converted-to.pdf>
Package pdftex.def Info: ./images/compressed-sensing/ident-vs-ic-eps-converted-
to.pdf used on input line 29.
(pdftex.def)             Requested size: 223.19998pt x 175.68092pt.

Overfull \vbox (84.48097pt too high) detected at line 29
 []

Package epstopdf Info: Source file: <./images/compressed-sensing/distrib-extsup
-s14.eps>
(epstopdf)                    date: 2015-02-03 19:46:20
(epstopdf)                    size: 20174 bytes
(epstopdf)             Output file: <./images/compressed-sensing/distrib-extsup
-s14-eps-converted-to.pdf>
(epstopdf)                    date: 2015-02-03 19:46:20
(epstopdf)                    size: 5422 bytes
(epstopdf)             Command: <epstopdf --outfile=./images/compressed-sensing
/distrib-extsup-s14-eps-converted-to.pdf ./images/compressed-sensing/distrib-ex
tsup-s14.eps>
(epstopdf)             \includegraphics on input line 30.
Package epstopdf Info: Output file is already uptodate.

<./images/compressed-sensing/distrib-extsup-s14-eps-converted-to.pdf, id=617, 4
48.67625pt x 163.61125pt>
File: ./images/compressed-sensing/distrib-extsup-s14-eps-converted-to.pdf Graph
ic file (type pdf)

<use ./images/compressed-sensing/distrib-extsup-s14-eps-converted-to.pdf>
Package pdftex.def Info: ./images/compressed-sensing/distrib-extsup-s14-eps-con
verted-to.pdf used on input line 30.
(pdftex.def)             Requested size: 205.34697pt x 74.88011pt.
Package epstopdf Info: Source file: <./images/compressed-sensing/distrib-extsup
-s16.eps>
(epstopdf)                    date: 2015-02-03 19:46:20
(epstopdf)                    size: 20170 bytes
(epstopdf)             Output file: <./images/compressed-sensing/distrib-extsup
-s16-eps-converted-to.pdf>
(epstopdf)                    date: 2015-02-03 19:46:20
(epstopdf)                    size: 5488 bytes
(epstopdf)             Command: <epstopdf --outfile=./images/compressed-sensing
/distrib-extsup-s16-eps-converted-to.pdf ./images/compressed-sensing/distrib-ex
tsup-s16.eps>
(epstopdf)             \includegraphics on input line 32.
Package epstopdf Info: Output file is already uptodate.

<./images/compressed-sensing/distrib-extsup-s16-eps-converted-to.pdf, id=618, 4
48.67625pt x 163.61125pt>
File: ./images/compressed-sensing/distrib-extsup-s16-eps-converted-to.pdf Graph
ic file (type pdf)

<use ./images/compressed-sensing/distrib-extsup-s16-eps-converted-to.pdf>
Package pdftex.def Info: ./images/compressed-sensing/distrib-extsup-s16-eps-con
verted-to.pdf used on input line 32.
(pdftex.def)             Requested size: 205.34697pt x 74.88011pt.
Package epstopdf Info: Source file: <./images/compressed-sensing/distrib-extsup
-s18.eps>
(epstopdf)                    date: 2015-02-03 19:46:20
(epstopdf)                    size: 20190 bytes
(epstopdf)             Output file: <./images/compressed-sensing/distrib-extsup
-s18-eps-converted-to.pdf>
(epstopdf)                    date: 2015-02-03 19:46:20
(epstopdf)                    size: 5474 bytes
(epstopdf)             Command: <epstopdf --outfile=./images/compressed-sensing
/distrib-extsup-s18-eps-converted-to.pdf ./images/compressed-sensing/distrib-ex
tsup-s18.eps>
(epstopdf)             \includegraphics on input line 34.
Package epstopdf Info: Output file is already uptodate.

<./images/compressed-sensing/distrib-extsup-s18-eps-converted-to.pdf, id=619, 4
48.67625pt x 163.61125pt>
File: ./images/compressed-sensing/distrib-extsup-s18-eps-converted-to.pdf Graph
ic file (type pdf)

<use ./images/compressed-sensing/distrib-extsup-s18-eps-converted-to.pdf>
Package pdftex.def Info: ./images/compressed-sensing/distrib-extsup-s18-eps-con
verted-to.pdf used on input line 34.
(pdftex.def)             Requested size: 205.34697pt x 74.88011pt.
)
(./sections/conclusion.tex [19]) (./sections/appendix.tex [20 <./images/compres
sed-sensing/ident-vs-ic-eps-converted-to.pdf> <./images/compressed-sensing/dist
rib-extsup-s14-eps-converted-to.pdf> <./images/compressed-sensing/distrib-extsu
p-s16-eps-converted-to.pdf> <./images/compressed-sensing/distrib-extsup-s18-eps
-converted-to.pdf>] [21]
Overfull \hbox (10.25998pt too wide) in paragraph at lines 122--128
[]\OT1/cmr/m/n/12 Eventually, by Lemma [][]2[][], $[][] = [] [][] []$.
 []

) (./sections/lasso-abstract-proofs.tex

Package hyperref Warning: Token not allowed in a PDF string (PDFDocEncoding):
(hyperref)                removing `math shift' on input line 7.


Package hyperref Warning: Token not allowed in a PDF string (PDFDocEncoding):
(hyperref)                removing `\eta' on input line 7.


Package hyperref Warning: Token not allowed in a PDF string (PDFDocEncoding):
(hyperref)                removing `subscript' on input line 7.


Package hyperref Warning: Token not allowed in a PDF string (PDFDocEncoding):
(hyperref)                removing `math shift' on input line 7.

[22] [23]) (./sections/lasso-thin-proofs.tex [24] [25] [26]
Overfull \hbox (0.60625pt too wide) detected at line 132
\OMS/cmsy/m/n/12 8\OML/cmm/m/it/12 ^^W \OMS/cmsy/m/n/12 2 f\OT1/cmr/m/n/12 1\OM
L/cmm/m/it/12 ; [] ; N\OMS/cmsy/m/n/12 g\OML/cmm/m/it/12 ;  \OMS/cmsy/m/n/12 8\
OML/cmm/m/it/12 t \OMS/cmsy/m/n/12 2 \OT1/cmr/m/n/12 (\OML/cmm/m/it/12 x[] \OMS
/cmsy/m/n/12 ^^@ \OML/cmm/m/it/12 r; x[] \OT1/cmr/m/n/12 + \OML/cmm/m/it/12 r\O
T1/cmr/m/n/12 )\OML/cmm/m/it/12 ;  \OMS/cmsy/m/n/12 j[]\OT1/cmr/m/n/12 (\OML/cm
m/m/it/12 t\OT1/cmr/m/n/12 )\OMS/cmsy/m/n/12 j \OML/cmm/m/it/12 > \OT1/cmr/m/n/
12 0\OML/cmm/m/it/12 :\OT1/cmr/m/n/12 9 [] \OMS/cmsy/m/n/12 j\OT1/cmr/m/n/12 ([
])[](\OML/cmm/m/it/12 t\OT1/cmr/m/n/12 )\OMS/cmsy/m/n/12 j \OML/cmm/m/it/12 > [
]\OMS/cmsy/m/n/12 j\OT1/cmr/m/n/12 ([])[](\OML/cmm/m/it/12 x[]\OT1/cmr/m/n/12 )
\OMS/cmsy/m/n/12 j\OML/cmm/m/it/12 ;
 []

) [27]
Underfull \hbox (badness 2401) in paragraph at lines 78--78
[]\OT1/cmr/m/n/12 B.N. Bhaskar and B. Recht. ``Atomic norm denoising with appli
cations
 []

[28]
Underfull \hbox (badness 3168) in paragraph at lines 78--78
[]\OT1/cmr/m/n/12 Q. Denoyelle, V. Duval, and G. Peyr^^Se. ``Support Recovery f
or Sparse
 []


Underfull \hbox (badness 4217) in paragraph at lines 78--78
[]\OT1/cmr/m/n/12 V. Duval and G. Peyr^^Se. ``Exact Support Recovery for Sparse
 Spikes
 []


Underfull \hbox (badness 3058) in paragraph at lines 78--78
[]\OT1/cmr/m/n/12 C. Fernandez-Granda. ``Support detection in super-resolution'
'. In: \OT1/cmr/m/it/12 Proc.
 []


Underfull \hbox (badness 1077) in paragraph at lines 78--78
\OT1/cmr/m/it/12 Proceedings of the 10th International Conference on Sampling T
heory and
 []


Underfull \hbox (badness 1484) in paragraph at lines 78--78
[]\OT1/cmr/m/n/12 J. W. Odendaal, E. Barnard, and C. W. I. Pistorius. ``Two-dim
ensional
 []


Underfull \hbox (badness 4505) in paragraph at lines 78--78
\OT1/cmr/m/n/12 superresolution radar imaging using the MUSIC algorithm''. In: 
\OT1/cmr/m/it/12 IEEE
 []

[29]
Underfull \hbox (badness 1584) in paragraph at lines 78--78
[]\OT1/cmr/m/n/12 S. Vaiter, G. Peyr^^Se, and J. Fadili. \OT1/cmr/m/it/12 Model
 Consistency of Partly Smooth
 []

Package atveryend Info: Empty hook `BeforeClearDocument' on input line 80.
[30]
Package atveryend Info: Empty hook `AfterLastShipout' on input line 80.
 (./Asymptotic-Lasso.aux)
Package atveryend Info: Executing hook `AtVeryEndDocument' on input line 80.
Package atveryend Info: Executing hook `AtEndAfterFileList' on input line 80.
Package rerunfilecheck Info: File `Asymptotic-Lasso.out' has not changed.
(rerunfilecheck)             Checksum: 625F76DD2645B4F517752E384528A333;1855.


LaTeX Font Warning: Some font shapes were not available, defaults substituted.

Package logreq Info: Writing requests to 'Asymptotic-Lasso.run.xml'.
\openout1 = `Asymptotic-Lasso.run.xml'.

 ) 
Here is how much of TeX's memory you used:
 22290 strings out of 493488
 386403 string characters out of 3141326
 732464 words of memory out of 3000000
 24937 multiletter control sequences out of 15000+200000
 15789 words of font info for 67 fonts, out of 3000000 for 9000
 957 hyphenation exceptions out of 8191
 68i,17n,98p,1561b,1063s stack positions out of 5000i,500n,10000p,200000b,50000s
</usr/local/texlive/2012/texmf-dist/fonts/type1/public/amsfonts/cm/cmbx10.pfb
></usr/local/texlive/2012/texmf-dist/fonts/type1/public/amsfonts/cm/cmbx12.pfb>
</usr/local/texlive/2012/texmf-dist/fonts/type1/public/amsfonts/cm/cmcsc10.pfb>
</usr/local/texlive/2012/texmf-dist/fonts/type1/public/amsfonts/cm/cmex10.pfb><
/usr/local/texlive/2012/texmf-dist/fonts/type1/public/amsfonts/cmextra/cmex8.pf
b></usr/local/texlive/2012/texmf-dist/fonts/type1/public/amsfonts/cm/cmmi10.pfb
></usr/local/texlive/2012/texmf-dist/fonts/type1/public/amsfonts/cm/cmmi12.pfb>
</usr/local/texlive/2012/texmf-dist/fonts/type1/public/amsfonts/cm/cmmi6.pfb></
usr/local/texlive/2012/texmf-dist/fonts/type1/public/amsfonts/cm/cmmi8.pfb></us
r/local/texlive/2012/texmf-dist/fonts/type1/public/amsfonts/cm/cmr10.pfb></usr/
local/texlive/2012/texmf-dist/fonts/type1/public/amsfonts/cm/cmr12.pfb></usr/lo
cal/texlive/2012/texmf-dist/fonts/type1/public/amsfonts/cm/cmr6.pfb></usr/local
/texlive/2012/texmf-dist/fonts/type1/public/amsfonts/cm/cmr7.pfb></usr/local/te
xlive/2012/texmf-dist/fonts/type1/public/amsfonts/cm/cmr8.pfb></usr/local/texli
ve/2012/texmf-dist/fonts/type1/public/amsfonts/cm/cmsy10.pfb></usr/local/texliv
e/2012/texmf-dist/fonts/type1/public/amsfonts/cm/cmsy6.pfb></usr/local/texlive/
2012/texmf-dist/fonts/type1/public/amsfonts/cm/cmsy8.pfb></usr/local/texlive/20
12/texmf-dist/fonts/type1/public/amsfonts/cm/cmti12.pfb></usr/local/texlive/201
2/texmf-dist/fonts/type1/public/amsfonts/cm/cmtt10.pfb></usr/local/texlive/2012
/texmf-dist/fonts/type1/public/amsfonts/cm/cmtt12.pfb></usr/local/texlive/2012/
texmf-dist/fonts/type1/public/doublestroke/dsrom12.pfb></usr/local/texlive/2012
/texmf-dist/fonts/type1/public/amsfonts/symbols/msam10.pfb></usr/local/texlive/
2012/texmf-dist/fonts/type1/public/amsfonts/symbols/msbm10.pfb></usr/local/texl
ive/2012/texmf-dist/fonts/type1/public/rsfs/rsfs10.pfb></usr/local/texlive/2012
/texmf-dist/fonts/type1/public/stmaryrd/stmary10.pfb></usr/local/texlive/2012/t
exmf-dist/fonts/type1/public/stmaryrd/stmary8.pfb>
Output written on Asymptotic-Lasso.pdf (30 pages, 470538 bytes).
PDF statistics:
 878 PDF objects out of 1000 (max. 8388607)
 780 compressed objects within 8 object streams
 195 named destinations out of 1000 (max. 500000)
 261 words of extra memory for PDF output out of 10000 (max. 10000000)

