\BOOKMARK [1][-]{section.1}{Introduction}{}% 1
\BOOKMARK [2][-]{subsection.1.1}{Super-resolution}{section.1}% 2
\BOOKMARK [2][-]{subsection.1.2}{Sparse Regularization}{section.1}% 3
\BOOKMARK [2][-]{subsection.1.3}{Lasso}{section.1}% 4
\BOOKMARK [2][-]{subsection.1.4}{Continuous Basis-Pursuit \(C-BP\)}{section.1}% 5
\BOOKMARK [2][-]{subsection.1.5}{Previous Works}{section.1}% 6
\BOOKMARK [2][-]{subsection.1.6}{Contributions}{section.1}% 7
\BOOKMARK [2][-]{subsection.1.7}{Extensions}{section.1}% 8
\BOOKMARK [2][-]{subsection.1.8}{Notations and preliminaries}{section.1}% 9
\BOOKMARK [1][-]{section.2}{Abstract analysis of the Lasso with cone constraint}{}% 10
\BOOKMARK [2][-]{subsection.2.1}{Notations}{section.2}% 11
\BOOKMARK [2][-]{subsection.2.2}{Parametrization as a positive Lasso}{section.2}% 12
\BOOKMARK [2][-]{subsection.2.3}{Optimality conditions}{section.2}% 13
\BOOKMARK [2][-]{subsection.2.4}{Low noise behavior of C-BP}{section.2}% 14
\BOOKMARK [1][-]{section.3}{Continuous-Basis Pursuit on thin grids}{}% 15
\BOOKMARK [2][-]{subsection.3.1}{The Positive Beurling Lasso}{section.3}% 16
\BOOKMARK [2][-]{subsection.3.2}{The Limit Problem for Thin Grids}{section.3}% 17
\BOOKMARK [1][-]{section.4}{Convergence of the support}{}% 18
\BOOKMARK [2][-]{subsection.4.1}{Asymptotics of the Support for Fixed >0}{section.4}% 19
\BOOKMARK [2][-]{subsection.4.2}{Asymptotic of the Low Noise Support}{section.4}% 20
\BOOKMARK [1][-]{section.5}{Numerical illustrations}{}% 21
\BOOKMARK [2][-]{subsection.5.1}{Convergence of pre-certificates}{section.5}% 22
\BOOKMARK [2][-]{subsection.5.2}{Extended support for deconvolution on a thin grid}{section.5}% 23
\BOOKMARK [1][-]{appendix.A}{Asymptotic expansion of the inverse of a Gram matrix}{}% 24
\BOOKMARK [1][-]{appendix.B}{Proofs for Section 2}{}% 25
\BOOKMARK [1][-]{appendix.C}{Proofs for Section 3}{}% 26
\BOOKMARK [2][-]{subsection.C.1}{Proof of Proposition 3}{appendix.C}% 27
\BOOKMARK [1][-]{appendix.D}{Proofs of Section 4}{}% 28
\BOOKMARK [2][-]{subsection.D.1}{Sufficient Condition for Asymptotic Solutions}{appendix.D}% 29
\BOOKMARK [2][-]{subsection.D.2}{Asymptotics of the Minimal Norm Certificates}{appendix.D}% 30
\BOOKMARK [2][-]{subsection.D.3}{Proof of Theorem 2}{appendix.D}% 31
\BOOKMARK [2][-]{subsection.D.4}{Proof of Corollary 1}{appendix.D}% 32
